
AVRASM ver. 2.1.30  D:\yasaman-navid\Debug\List\1.asm Wed Jul 11 17:20:39 2018

D:\yasaman-navid\Debug\List\1.asm(1088): warning: Register r5 already defined by the .DEF directive
D:\yasaman-navid\Debug\List\1.asm(1089): warning: Register r4 already defined by the .DEF directive
D:\yasaman-navid\Debug\List\1.asm(1090): warning: Register r7 already defined by the .DEF directive
                 
                 
                 ;CodeVisionAVR C Compiler V3.12 Advanced
                 ;(C) Copyright 1998-2014 Pavel Haiduc, HP InfoTech s.r.l.
                 ;http://www.hpinfotech.com
                 
                 ;Build configuration    : Debug
                 ;Chip type              : ATmega32
                 ;Program type           : Application
                 ;Clock frequency        : 8.000000 MHz
                 ;Memory model           : Small
                 ;Optimize for           : Size
                 ;(s)printf features     : int, width
                 ;(s)scanf features      : int, width
                 ;External RAM size      : 0
                 ;Data Stack size        : 512 byte(s)
                 ;Heap size              : 0 byte(s)
                 ;Promote 'char' to 'int': Yes
                 ;'char' is unsigned     : Yes
                 ;8 bit enums            : Yes
                 ;Global 'const' stored in FLASH: Yes
                 ;Enhanced function parameter passing: Yes
                 ;Enhanced core instructions: On
                 ;Automatic register allocation for global variables: On
                 ;Smart register allocation: On
                 
                 	#define _MODEL_SMALL_
                 
                 	#pragma AVRPART ADMIN PART_NAME ATmega32
                 	#pragma AVRPART MEMORY PROG_FLASH 32768
                 	#pragma AVRPART MEMORY EEPROM 1024
                 	#pragma AVRPART MEMORY INT_SRAM SIZE 2048
                 	#pragma AVRPART MEMORY INT_SRAM START_ADDR 0x60
                 
                 	#define CALL_SUPPORTED 1
                 
                 	.LISTMAC
                 	.EQU UDRE=0x5
                 	.EQU RXC=0x7
                 	.EQU USR=0xB
                 	.EQU UDR=0xC
                 	.EQU SPSR=0xE
                 	.EQU SPDR=0xF
                 	.EQU EERE=0x0
                 	.EQU EEWE=0x1
                 	.EQU EEMWE=0x2
                 	.EQU EECR=0x1C
                 	.EQU EEDR=0x1D
                 	.EQU EEARL=0x1E
                 	.EQU EEARH=0x1F
                 	.EQU WDTCR=0x21
                 	.EQU MCUCR=0x35
                 	.EQU GICR=0x3B
                 	.EQU SPL=0x3D
                 	.EQU SPH=0x3E
                 	.EQU SREG=0x3F
                 
                 	.DEF R0X0=R0
                 	.DEF R0X1=R1
                 	.DEF R0X2=R2
                 	.DEF R0X3=R3
                 	.DEF R0X4=R4
                 	.DEF R0X5=R5
                 	.DEF R0X6=R6
                 	.DEF R0X7=R7
                 	.DEF R0X8=R8
                 	.DEF R0X9=R9
                 	.DEF R0XA=R10
                 	.DEF R0XB=R11
                 	.DEF R0XC=R12
                 	.DEF R0XD=R13
                 	.DEF R0XE=R14
                 	.DEF R0XF=R15
                 	.DEF R0X10=R16
                 	.DEF R0X11=R17
                 	.DEF R0X12=R18
                 	.DEF R0X13=R19
                 	.DEF R0X14=R20
                 	.DEF R0X15=R21
                 	.DEF R0X16=R22
                 	.DEF R0X17=R23
                 	.DEF R0X18=R24
                 	.DEF R0X19=R25
                 	.DEF R0X1A=R26
                 	.DEF R0X1B=R27
                 	.DEF R0X1C=R28
                 	.DEF R0X1D=R29
                 	.DEF R0X1E=R30
                 	.DEF R0X1F=R31
                 
                 	.EQU __SRAM_START=0x0060
                 	.EQU __SRAM_END=0x085F
                 	.EQU __DSTACK_SIZE=0x0200
                 	.EQU __HEAP_SIZE=0x0000
                 	.EQU __CLEAR_SRAM_SIZE=__SRAM_END-__SRAM_START+1
                 
                 	.MACRO __CPD1N
                 	CPI  R30,LOW(@0)
                 	LDI  R26,HIGH(@0)
                 	CPC  R31,R26
                 	LDI  R26,BYTE3(@0)
                 	CPC  R22,R26
                 	LDI  R26,BYTE4(@0)
                 	CPC  R23,R26
                 	.ENDM
                 
                 	.MACRO __CPD2N
                 	CPI  R26,LOW(@0)
                 	LDI  R30,HIGH(@0)
                 	CPC  R27,R30
                 	LDI  R30,BYTE3(@0)
                 	CPC  R24,R30
                 	LDI  R30,BYTE4(@0)
                 	CPC  R25,R30
                 	.ENDM
                 
                 	.MACRO __CPWRR
                 	CP   R@0,R@2
                 	CPC  R@1,R@3
                 	.ENDM
                 
                 	.MACRO __CPWRN
                 	CPI  R@0,LOW(@2)
                 	LDI  R30,HIGH(@2)
                 	CPC  R@1,R30
                 	.ENDM
                 
                 	.MACRO __ADDB1MN
                 	SUBI R30,LOW(-@0-(@1))
                 	.ENDM
                 
                 	.MACRO __ADDB2MN
                 	SUBI R26,LOW(-@0-(@1))
                 	.ENDM
                 
                 	.MACRO __ADDW1MN
                 	SUBI R30,LOW(-@0-(@1))
                 	SBCI R31,HIGH(-@0-(@1))
                 	.ENDM
                 
                 	.MACRO __ADDW2MN
                 	SUBI R26,LOW(-@0-(@1))
                 	SBCI R27,HIGH(-@0-(@1))
                 	.ENDM
                 
                 	.MACRO __ADDW1FN
                 	SUBI R30,LOW(-2*@0-(@1))
                 	SBCI R31,HIGH(-2*@0-(@1))
                 	.ENDM
                 
                 	.MACRO __ADDD1FN
                 	SUBI R30,LOW(-2*@0-(@1))
                 	SBCI R31,HIGH(-2*@0-(@1))
                 	SBCI R22,BYTE3(-2*@0-(@1))
                 	.ENDM
                 
                 	.MACRO __ADDD1N
                 	SUBI R30,LOW(-@0)
                 	SBCI R31,HIGH(-@0)
                 	SBCI R22,BYTE3(-@0)
                 	SBCI R23,BYTE4(-@0)
                 	.ENDM
                 
                 	.MACRO __ADDD2N
                 	SUBI R26,LOW(-@0)
                 	SBCI R27,HIGH(-@0)
                 	SBCI R24,BYTE3(-@0)
                 	SBCI R25,BYTE4(-@0)
                 	.ENDM
                 
                 	.MACRO __SUBD1N
                 	SUBI R30,LOW(@0)
                 	SBCI R31,HIGH(@0)
                 	SBCI R22,BYTE3(@0)
                 	SBCI R23,BYTE4(@0)
                 	.ENDM
                 
                 	.MACRO __SUBD2N
                 	SUBI R26,LOW(@0)
                 	SBCI R27,HIGH(@0)
                 	SBCI R24,BYTE3(@0)
                 	SBCI R25,BYTE4(@0)
                 	.ENDM
                 
                 	.MACRO __ANDBMNN
                 	LDS  R30,@0+(@1)
                 	ANDI R30,LOW(@2)
                 	STS  @0+(@1),R30
                 	.ENDM
                 
                 	.MACRO __ANDWMNN
                 	LDS  R30,@0+(@1)
                 	ANDI R30,LOW(@2)
                 	STS  @0+(@1),R30
                 	LDS  R30,@0+(@1)+1
                 	ANDI R30,HIGH(@2)
                 	STS  @0+(@1)+1,R30
                 	.ENDM
                 
                 	.MACRO __ANDD1N
                 	ANDI R30,LOW(@0)
                 	ANDI R31,HIGH(@0)
                 	ANDI R22,BYTE3(@0)
                 	ANDI R23,BYTE4(@0)
                 	.ENDM
                 
                 	.MACRO __ANDD2N
                 	ANDI R26,LOW(@0)
                 	ANDI R27,HIGH(@0)
                 	ANDI R24,BYTE3(@0)
                 	ANDI R25,BYTE4(@0)
                 	.ENDM
                 
                 	.MACRO __ORBMNN
                 	LDS  R30,@0+(@1)
                 	ORI  R30,LOW(@2)
                 	STS  @0+(@1),R30
                 	.ENDM
                 
                 	.MACRO __ORWMNN
                 	LDS  R30,@0+(@1)
                 	ORI  R30,LOW(@2)
                 	STS  @0+(@1),R30
                 	LDS  R30,@0+(@1)+1
                 	ORI  R30,HIGH(@2)
                 	STS  @0+(@1)+1,R30
                 	.ENDM
                 
                 	.MACRO __ORD1N
                 	ORI  R30,LOW(@0)
                 	ORI  R31,HIGH(@0)
                 	ORI  R22,BYTE3(@0)
                 	ORI  R23,BYTE4(@0)
                 	.ENDM
                 
                 	.MACRO __ORD2N
                 	ORI  R26,LOW(@0)
                 	ORI  R27,HIGH(@0)
                 	ORI  R24,BYTE3(@0)
                 	ORI  R25,BYTE4(@0)
                 	.ENDM
                 
                 	.MACRO __DELAY_USB
                 	LDI  R24,LOW(@0)
                 __DELAY_USB_LOOP:
                 	DEC  R24
                 	BRNE __DELAY_USB_LOOP
                 	.ENDM
                 
                 	.MACRO __DELAY_USW
                 	LDI  R24,LOW(@0)
                 	LDI  R25,HIGH(@0)
                 __DELAY_USW_LOOP:
                 	SBIW R24,1
                 	BRNE __DELAY_USW_LOOP
                 	.ENDM
                 
                 	.MACRO __GETD1S
                 	LDD  R30,Y+@0
                 	LDD  R31,Y+@0+1
                 	LDD  R22,Y+@0+2
                 	LDD  R23,Y+@0+3
                 	.ENDM
                 
                 	.MACRO __GETD2S
                 	LDD  R26,Y+@0
                 	LDD  R27,Y+@0+1
                 	LDD  R24,Y+@0+2
                 	LDD  R25,Y+@0+3
                 	.ENDM
                 
                 	.MACRO __PUTD1S
                 	STD  Y+@0,R30
                 	STD  Y+@0+1,R31
                 	STD  Y+@0+2,R22
                 	STD  Y+@0+3,R23
                 	.ENDM
                 
                 	.MACRO __PUTD2S
                 	STD  Y+@0,R26
                 	STD  Y+@0+1,R27
                 	STD  Y+@0+2,R24
                 	STD  Y+@0+3,R25
                 	.ENDM
                 
                 	.MACRO __PUTDZ2
                 	STD  Z+@0,R26
                 	STD  Z+@0+1,R27
                 	STD  Z+@0+2,R24
                 	STD  Z+@0+3,R25
                 	.ENDM
                 
                 	.MACRO __CLRD1S
                 	STD  Y+@0,R30
                 	STD  Y+@0+1,R30
                 	STD  Y+@0+2,R30
                 	STD  Y+@0+3,R30
                 	.ENDM
                 
                 	.MACRO __POINTB1MN
                 	LDI  R30,LOW(@0+(@1))
                 	.ENDM
                 
                 	.MACRO __POINTW1MN
                 	LDI  R30,LOW(@0+(@1))
                 	LDI  R31,HIGH(@0+(@1))
                 	.ENDM
                 
                 	.MACRO __POINTD1M
                 	LDI  R30,LOW(@0)
                 	LDI  R31,HIGH(@0)
                 	LDI  R22,BYTE3(@0)
                 	LDI  R23,BYTE4(@0)
                 	.ENDM
                 
                 	.MACRO __POINTW1FN
                 	LDI  R30,LOW(2*@0+(@1))
                 	LDI  R31,HIGH(2*@0+(@1))
                 	.ENDM
                 
                 	.MACRO __POINTD1FN
                 	LDI  R30,LOW(2*@0+(@1))
                 	LDI  R31,HIGH(2*@0+(@1))
                 	LDI  R22,BYTE3(2*@0+(@1))
                 	LDI  R23,BYTE4(2*@0+(@1))
                 	.ENDM
                 
                 	.MACRO __POINTB2MN
                 	LDI  R26,LOW(@0+(@1))
                 	.ENDM
                 
                 	.MACRO __POINTW2MN
                 	LDI  R26,LOW(@0+(@1))
                 	LDI  R27,HIGH(@0+(@1))
                 	.ENDM
                 
                 	.MACRO __POINTW2FN
                 	LDI  R26,LOW(2*@0+(@1))
                 	LDI  R27,HIGH(2*@0+(@1))
                 	.ENDM
                 
                 	.MACRO __POINTD2FN
                 	LDI  R26,LOW(2*@0+(@1))
                 	LDI  R27,HIGH(2*@0+(@1))
                 	LDI  R24,BYTE3(2*@0+(@1))
                 	LDI  R25,BYTE4(2*@0+(@1))
                 	.ENDM
                 
                 	.MACRO __POINTBRM
                 	LDI  R@0,LOW(@1)
                 	.ENDM
                 
                 	.MACRO __POINTWRM
                 	LDI  R@0,LOW(@2)
                 	LDI  R@1,HIGH(@2)
                 	.ENDM
                 
                 	.MACRO __POINTBRMN
                 	LDI  R@0,LOW(@1+(@2))
                 	.ENDM
                 
                 	.MACRO __POINTWRMN
                 	LDI  R@0,LOW(@2+(@3))
                 	LDI  R@1,HIGH(@2+(@3))
                 	.ENDM
                 
                 	.MACRO __POINTWRFN
                 	LDI  R@0,LOW(@2*2+(@3))
                 	LDI  R@1,HIGH(@2*2+(@3))
                 	.ENDM
                 
                 	.MACRO __GETD1N
                 	LDI  R30,LOW(@0)
                 	LDI  R31,HIGH(@0)
                 	LDI  R22,BYTE3(@0)
                 	LDI  R23,BYTE4(@0)
                 	.ENDM
                 
                 	.MACRO __GETD2N
                 	LDI  R26,LOW(@0)
                 	LDI  R27,HIGH(@0)
                 	LDI  R24,BYTE3(@0)
                 	LDI  R25,BYTE4(@0)
                 	.ENDM
                 
                 	.MACRO __GETB1MN
                 	LDS  R30,@0+(@1)
                 	.ENDM
                 
                 	.MACRO __GETB1HMN
                 	LDS  R31,@0+(@1)
                 	.ENDM
                 
                 	.MACRO __GETW1MN
                 	LDS  R30,@0+(@1)
                 	LDS  R31,@0+(@1)+1
                 	.ENDM
                 
                 	.MACRO __GETD1MN
                 	LDS  R30,@0+(@1)
                 	LDS  R31,@0+(@1)+1
                 	LDS  R22,@0+(@1)+2
                 	LDS  R23,@0+(@1)+3
                 	.ENDM
                 
                 	.MACRO __GETBRMN
                 	LDS  R@0,@1+(@2)
                 	.ENDM
                 
                 	.MACRO __GETWRMN
                 	LDS  R@0,@2+(@3)
                 	LDS  R@1,@2+(@3)+1
                 	.ENDM
                 
                 	.MACRO __GETWRZ
                 	LDD  R@0,Z+@2
                 	LDD  R@1,Z+@2+1
                 	.ENDM
                 
                 	.MACRO __GETD2Z
                 	LDD  R26,Z+@0
                 	LDD  R27,Z+@0+1
                 	LDD  R24,Z+@0+2
                 	LDD  R25,Z+@0+3
                 	.ENDM
                 
                 	.MACRO __GETB2MN
                 	LDS  R26,@0+(@1)
                 	.ENDM
                 
                 	.MACRO __GETW2MN
                 	LDS  R26,@0+(@1)
                 	LDS  R27,@0+(@1)+1
                 	.ENDM
                 
                 	.MACRO __GETD2MN
                 	LDS  R26,@0+(@1)
                 	LDS  R27,@0+(@1)+1
                 	LDS  R24,@0+(@1)+2
                 	LDS  R25,@0+(@1)+3
                 	.ENDM
                 
                 	.MACRO __PUTB1MN
                 	STS  @0+(@1),R30
                 	.ENDM
                 
                 	.MACRO __PUTW1MN
                 	STS  @0+(@1),R30
                 	STS  @0+(@1)+1,R31
                 	.ENDM
                 
                 	.MACRO __PUTD1MN
                 	STS  @0+(@1),R30
                 	STS  @0+(@1)+1,R31
                 	STS  @0+(@1)+2,R22
                 	STS  @0+(@1)+3,R23
                 	.ENDM
                 
                 	.MACRO __PUTB1EN
                 	LDI  R26,LOW(@0+(@1))
                 	LDI  R27,HIGH(@0+(@1))
                 	CALL __EEPROMWRB
                 	.ENDM
                 
                 	.MACRO __PUTW1EN
                 	LDI  R26,LOW(@0+(@1))
                 	LDI  R27,HIGH(@0+(@1))
                 	CALL __EEPROMWRW
                 	.ENDM
                 
                 	.MACRO __PUTD1EN
                 	LDI  R26,LOW(@0+(@1))
                 	LDI  R27,HIGH(@0+(@1))
                 	CALL __EEPROMWRD
                 	.ENDM
                 
                 	.MACRO __PUTBR0MN
                 	STS  @0+(@1),R0
                 	.ENDM
                 
                 	.MACRO __PUTBMRN
                 	STS  @0+(@1),R@2
                 	.ENDM
                 
                 	.MACRO __PUTWMRN
                 	STS  @0+(@1),R@2
                 	STS  @0+(@1)+1,R@3
                 	.ENDM
                 
                 	.MACRO __PUTBZR
                 	STD  Z+@1,R@0
                 	.ENDM
                 
                 	.MACRO __PUTWZR
                 	STD  Z+@2,R@0
                 	STD  Z+@2+1,R@1
                 	.ENDM
                 
                 	.MACRO __GETW1R
                 	MOV  R30,R@0
                 	MOV  R31,R@1
                 	.ENDM
                 
                 	.MACRO __GETW2R
                 	MOV  R26,R@0
                 	MOV  R27,R@1
                 	.ENDM
                 
                 	.MACRO __GETWRN
                 	LDI  R@0,LOW(@2)
                 	LDI  R@1,HIGH(@2)
                 	.ENDM
                 
                 	.MACRO __PUTW1R
                 	MOV  R@0,R30
                 	MOV  R@1,R31
                 	.ENDM
                 
                 	.MACRO __PUTW2R
                 	MOV  R@0,R26
                 	MOV  R@1,R27
                 	.ENDM
                 
                 	.MACRO __ADDWRN
                 	SUBI R@0,LOW(-@2)
                 	SBCI R@1,HIGH(-@2)
                 	.ENDM
                 
                 	.MACRO __ADDWRR
                 	ADD  R@0,R@2
                 	ADC  R@1,R@3
                 	.ENDM
                 
                 	.MACRO __SUBWRN
                 	SUBI R@0,LOW(@2)
                 	SBCI R@1,HIGH(@2)
                 	.ENDM
                 
                 	.MACRO __SUBWRR
                 	SUB  R@0,R@2
                 	SBC  R@1,R@3
                 	.ENDM
                 
                 	.MACRO __ANDWRN
                 	ANDI R@0,LOW(@2)
                 	ANDI R@1,HIGH(@2)
                 	.ENDM
                 
                 	.MACRO __ANDWRR
                 	AND  R@0,R@2
                 	AND  R@1,R@3
                 	.ENDM
                 
                 	.MACRO __ORWRN
                 	ORI  R@0,LOW(@2)
                 	ORI  R@1,HIGH(@2)
                 	.ENDM
                 
                 	.MACRO __ORWRR
                 	OR   R@0,R@2
                 	OR   R@1,R@3
                 	.ENDM
                 
                 	.MACRO __EORWRR
                 	EOR  R@0,R@2
                 	EOR  R@1,R@3
                 	.ENDM
                 
                 	.MACRO __GETWRS
                 	LDD  R@0,Y+@2
                 	LDD  R@1,Y+@2+1
                 	.ENDM
                 
                 	.MACRO __PUTBSR
                 	STD  Y+@1,R@0
                 	.ENDM
                 
                 	.MACRO __PUTWSR
                 	STD  Y+@2,R@0
                 	STD  Y+@2+1,R@1
                 	.ENDM
                 
                 	.MACRO __MOVEWRR
                 	MOV  R@0,R@2
                 	MOV  R@1,R@3
                 	.ENDM
                 
                 	.MACRO __INWR
                 	IN   R@0,@2
                 	IN   R@1,@2+1
                 	.ENDM
                 
                 	.MACRO __OUTWR
                 	OUT  @2+1,R@1
                 	OUT  @2,R@0
                 	.ENDM
                 
                 	.MACRO __CALL1MN
                 	LDS  R30,@0+(@1)
                 	LDS  R31,@0+(@1)+1
                 	ICALL
                 	.ENDM
                 
                 	.MACRO __CALL1FN
                 	LDI  R30,LOW(2*@0+(@1))
                 	LDI  R31,HIGH(2*@0+(@1))
                 	CALL __GETW1PF
                 	ICALL
                 	.ENDM
                 
                 	.MACRO __CALL2EN
                 	PUSH R26
                 	PUSH R27
                 	LDI  R26,LOW(@0+(@1))
                 	LDI  R27,HIGH(@0+(@1))
                 	CALL __EEPROMRDW
                 	POP  R27
                 	POP  R26
                 	ICALL
                 	.ENDM
                 
                 	.MACRO __CALL2EX
                 	SUBI R26,LOW(-@0)
                 	SBCI R27,HIGH(-@0)
                 	CALL __EEPROMRDD
                 	ICALL
                 	.ENDM
                 
                 	.MACRO __GETW1STACK
                 	IN   R30,SPL
                 	IN   R31,SPH
                 	ADIW R30,@0+1
                 	LD   R0,Z+
                 	LD   R31,Z
                 	MOV  R30,R0
                 	.ENDM
                 
                 	.MACRO __GETD1STACK
                 	IN   R30,SPL
                 	IN   R31,SPH
                 	ADIW R30,@0+1
                 	LD   R0,Z+
                 	LD   R1,Z+
                 	LD   R22,Z
                 	MOVW R30,R0
                 	.ENDM
                 
                 	.MACRO __NBST
                 	BST  R@0,@1
                 	IN   R30,SREG
                 	LDI  R31,0x40
                 	EOR  R30,R31
                 	OUT  SREG,R30
                 	.ENDM
                 
                 
                 	.MACRO __PUTB1SN
                 	LDD  R26,Y+@0
                 	LDD  R27,Y+@0+1
                 	SUBI R26,LOW(-@1)
                 	SBCI R27,HIGH(-@1)
                 	ST   X,R30
                 	.ENDM
                 
                 	.MACRO __PUTW1SN
                 	LDD  R26,Y+@0
                 	LDD  R27,Y+@0+1
                 	SUBI R26,LOW(-@1)
                 	SBCI R27,HIGH(-@1)
                 	ST   X+,R30
                 	ST   X,R31
                 	.ENDM
                 
                 	.MACRO __PUTD1SN
                 	LDD  R26,Y+@0
                 	LDD  R27,Y+@0+1
                 	SUBI R26,LOW(-@1)
                 	SBCI R27,HIGH(-@1)
                 	CALL __PUTDP1
                 	.ENDM
                 
                 	.MACRO __PUTB1SNS
                 	LDD  R26,Y+@0
                 	LDD  R27,Y+@0+1
                 	ADIW R26,@1
                 	ST   X,R30
                 	.ENDM
                 
                 	.MACRO __PUTW1SNS
                 	LDD  R26,Y+@0
                 	LDD  R27,Y+@0+1
                 	ADIW R26,@1
                 	ST   X+,R30
                 	ST   X,R31
                 	.ENDM
                 
                 	.MACRO __PUTD1SNS
                 	LDD  R26,Y+@0
                 	LDD  R27,Y+@0+1
                 	ADIW R26,@1
                 	CALL __PUTDP1
                 	.ENDM
                 
                 	.MACRO __PUTB1PMN
                 	LDS  R26,@0
                 	LDS  R27,@0+1
                 	SUBI R26,LOW(-@1)
                 	SBCI R27,HIGH(-@1)
                 	ST   X,R30
                 	.ENDM
                 
                 	.MACRO __PUTW1PMN
                 	LDS  R26,@0
                 	LDS  R27,@0+1
                 	SUBI R26,LOW(-@1)
                 	SBCI R27,HIGH(-@1)
                 	ST   X+,R30
                 	ST   X,R31
                 	.ENDM
                 
                 	.MACRO __PUTD1PMN
                 	LDS  R26,@0
                 	LDS  R27,@0+1
                 	SUBI R26,LOW(-@1)
                 	SBCI R27,HIGH(-@1)
                 	CALL __PUTDP1
                 	.ENDM
                 
                 	.MACRO __PUTB1PMNS
                 	LDS  R26,@0
                 	LDS  R27,@0+1
                 	ADIW R26,@1
                 	ST   X,R30
                 	.ENDM
                 
                 	.MACRO __PUTW1PMNS
                 	LDS  R26,@0
                 	LDS  R27,@0+1
                 	ADIW R26,@1
                 	ST   X+,R30
                 	ST   X,R31
                 	.ENDM
                 
                 	.MACRO __PUTD1PMNS
                 	LDS  R26,@0
                 	LDS  R27,@0+1
                 	ADIW R26,@1
                 	CALL __PUTDP1
                 	.ENDM
                 
                 	.MACRO __PUTB1RN
                 	MOVW R26,R@0
                 	SUBI R26,LOW(-@1)
                 	SBCI R27,HIGH(-@1)
                 	ST   X,R30
                 	.ENDM
                 
                 	.MACRO __PUTW1RN
                 	MOVW R26,R@0
                 	SUBI R26,LOW(-@1)
                 	SBCI R27,HIGH(-@1)
                 	ST   X+,R30
                 	ST   X,R31
                 	.ENDM
                 
                 	.MACRO __PUTD1RN
                 	MOVW R26,R@0
                 	SUBI R26,LOW(-@1)
                 	SBCI R27,HIGH(-@1)
                 	CALL __PUTDP1
                 	.ENDM
                 
                 	.MACRO __PUTB1RNS
                 	MOVW R26,R@0
                 	ADIW R26,@1
                 	ST   X,R30
                 	.ENDM
                 
                 	.MACRO __PUTW1RNS
                 	MOVW R26,R@0
                 	ADIW R26,@1
                 	ST   X+,R30
                 	ST   X,R31
                 	.ENDM
                 
                 	.MACRO __PUTD1RNS
                 	MOVW R26,R@0
                 	ADIW R26,@1
                 	CALL __PUTDP1
                 	.ENDM
                 
                 	.MACRO __PUTB1RON
                 	MOV  R26,R@0
                 	MOV  R27,R@1
                 	SUBI R26,LOW(-@2)
                 	SBCI R27,HIGH(-@2)
                 	ST   X,R30
                 	.ENDM
                 
                 	.MACRO __PUTW1RON
                 	MOV  R26,R@0
                 	MOV  R27,R@1
                 	SUBI R26,LOW(-@2)
                 	SBCI R27,HIGH(-@2)
                 	ST   X+,R30
                 	ST   X,R31
                 	.ENDM
                 
                 	.MACRO __PUTD1RON
                 	MOV  R26,R@0
                 	MOV  R27,R@1
                 	SUBI R26,LOW(-@2)
                 	SBCI R27,HIGH(-@2)
                 	CALL __PUTDP1
                 	.ENDM
                 
                 	.MACRO __PUTB1RONS
                 	MOV  R26,R@0
                 	MOV  R27,R@1
                 	ADIW R26,@2
                 	ST   X,R30
                 	.ENDM
                 
                 	.MACRO __PUTW1RONS
                 	MOV  R26,R@0
                 	MOV  R27,R@1
                 	ADIW R26,@2
                 	ST   X+,R30
                 	ST   X,R31
                 	.ENDM
                 
                 	.MACRO __PUTD1RONS
                 	MOV  R26,R@0
                 	MOV  R27,R@1
                 	ADIW R26,@2
                 	CALL __PUTDP1
                 	.ENDM
                 
                 
                 	.MACRO __GETB1SX
                 	MOVW R30,R28
                 	SUBI R30,LOW(-@0)
                 	SBCI R31,HIGH(-@0)
                 	LD   R30,Z
                 	.ENDM
                 
                 	.MACRO __GETB1HSX
                 	MOVW R30,R28
                 	SUBI R30,LOW(-@0)
                 	SBCI R31,HIGH(-@0)
                 	LD   R31,Z
                 	.ENDM
                 
                 	.MACRO __GETW1SX
                 	MOVW R30,R28
                 	SUBI R30,LOW(-@0)
                 	SBCI R31,HIGH(-@0)
                 	LD   R0,Z+
                 	LD   R31,Z
                 	MOV  R30,R0
                 	.ENDM
                 
                 	.MACRO __GETD1SX
                 	MOVW R30,R28
                 	SUBI R30,LOW(-@0)
                 	SBCI R31,HIGH(-@0)
                 	LD   R0,Z+
                 	LD   R1,Z+
                 	LD   R22,Z+
                 	LD   R23,Z
                 	MOVW R30,R0
                 	.ENDM
                 
                 	.MACRO __GETB2SX
                 	MOVW R26,R28
                 	SUBI R26,LOW(-@0)
                 	SBCI R27,HIGH(-@0)
                 	LD   R26,X
                 	.ENDM
                 
                 	.MACRO __GETW2SX
                 	MOVW R26,R28
                 	SUBI R26,LOW(-@0)
                 	SBCI R27,HIGH(-@0)
                 	LD   R0,X+
                 	LD   R27,X
                 	MOV  R26,R0
                 	.ENDM
                 
                 	.MACRO __GETD2SX
                 	MOVW R26,R28
                 	SUBI R26,LOW(-@0)
                 	SBCI R27,HIGH(-@0)
                 	LD   R0,X+
                 	LD   R1,X+
                 	LD   R24,X+
                 	LD   R25,X
                 	MOVW R26,R0
                 	.ENDM
                 
                 	.MACRO __GETBRSX
                 	MOVW R30,R28
                 	SUBI R30,LOW(-@1)
                 	SBCI R31,HIGH(-@1)
                 	LD   R@0,Z
                 	.ENDM
                 
                 	.MACRO __GETWRSX
                 	MOVW R30,R28
                 	SUBI R30,LOW(-@2)
                 	SBCI R31,HIGH(-@2)
                 	LD   R@0,Z+
                 	LD   R@1,Z
                 	.ENDM
                 
                 	.MACRO __GETBRSX2
                 	MOVW R26,R28
                 	SUBI R26,LOW(-@1)
                 	SBCI R27,HIGH(-@1)
                 	LD   R@0,X
                 	.ENDM
                 
                 	.MACRO __GETWRSX2
                 	MOVW R26,R28
                 	SUBI R26,LOW(-@2)
                 	SBCI R27,HIGH(-@2)
                 	LD   R@0,X+
                 	LD   R@1,X
                 	.ENDM
                 
                 	.MACRO __LSLW8SX
                 	MOVW R30,R28
                 	SUBI R30,LOW(-@0)
                 	SBCI R31,HIGH(-@0)
                 	LD   R31,Z
                 	CLR  R30
                 	.ENDM
                 
                 	.MACRO __PUTB1SX
                 	MOVW R26,R28
                 	SUBI R26,LOW(-@0)
                 	SBCI R27,HIGH(-@0)
                 	ST   X,R30
                 	.ENDM
                 
                 	.MACRO __PUTW1SX
                 	MOVW R26,R28
                 	SUBI R26,LOW(-@0)
                 	SBCI R27,HIGH(-@0)
                 	ST   X+,R30
                 	ST   X,R31
                 	.ENDM
                 
                 	.MACRO __PUTD1SX
                 	MOVW R26,R28
                 	SUBI R26,LOW(-@0)
                 	SBCI R27,HIGH(-@0)
                 	ST   X+,R30
                 	ST   X+,R31
                 	ST   X+,R22
                 	ST   X,R23
                 	.ENDM
                 
                 	.MACRO __CLRW1SX
                 	MOVW R26,R28
                 	SUBI R26,LOW(-@0)
                 	SBCI R27,HIGH(-@0)
                 	ST   X+,R30
                 	ST   X,R30
                 	.ENDM
                 
                 	.MACRO __CLRD1SX
                 	MOVW R26,R28
                 	SUBI R26,LOW(-@0)
                 	SBCI R27,HIGH(-@0)
                 	ST   X+,R30
                 	ST   X+,R30
                 	ST   X+,R30
                 	ST   X,R30
                 	.ENDM
                 
                 	.MACRO __PUTB2SX
                 	MOVW R30,R28
                 	SUBI R30,LOW(-@0)
                 	SBCI R31,HIGH(-@0)
                 	ST   Z,R26
                 	.ENDM
                 
                 	.MACRO __PUTW2SX
                 	MOVW R30,R28
                 	SUBI R30,LOW(-@0)
                 	SBCI R31,HIGH(-@0)
                 	ST   Z+,R26
                 	ST   Z,R27
                 	.ENDM
                 
                 	.MACRO __PUTD2SX
                 	MOVW R30,R28
                 	SUBI R30,LOW(-@0)
                 	SBCI R31,HIGH(-@0)
                 	ST   Z+,R26
                 	ST   Z+,R27
                 	ST   Z+,R24
                 	ST   Z,R25
                 	.ENDM
                 
                 	.MACRO __PUTBSRX
                 	MOVW R30,R28
                 	SUBI R30,LOW(-@1)
                 	SBCI R31,HIGH(-@1)
                 	ST   Z,R@0
                 	.ENDM
                 
                 	.MACRO __PUTWSRX
                 	MOVW R30,R28
                 	SUBI R30,LOW(-@2)
                 	SBCI R31,HIGH(-@2)
                 	ST   Z+,R@0
                 	ST   Z,R@1
                 	.ENDM
                 
                 	.MACRO __PUTB1SNX
                 	MOVW R26,R28
                 	SUBI R26,LOW(-@0)
                 	SBCI R27,HIGH(-@0)
                 	LD   R0,X+
                 	LD   R27,X
                 	MOV  R26,R0
                 	SUBI R26,LOW(-@1)
                 	SBCI R27,HIGH(-@1)
                 	ST   X,R30
                 	.ENDM
                 
                 	.MACRO __PUTW1SNX
                 	MOVW R26,R28
                 	SUBI R26,LOW(-@0)
                 	SBCI R27,HIGH(-@0)
                 	LD   R0,X+
                 	LD   R27,X
                 	MOV  R26,R0
                 	SUBI R26,LOW(-@1)
                 	SBCI R27,HIGH(-@1)
                 	ST   X+,R30
                 	ST   X,R31
                 	.ENDM
                 
                 	.MACRO __PUTD1SNX
                 	MOVW R26,R28
                 	SUBI R26,LOW(-@0)
                 	SBCI R27,HIGH(-@0)
                 	LD   R0,X+
                 	LD   R27,X
                 	MOV  R26,R0
                 	SUBI R26,LOW(-@1)
                 	SBCI R27,HIGH(-@1)
                 	ST   X+,R30
                 	ST   X+,R31
                 	ST   X+,R22
                 	ST   X,R23
                 	.ENDM
                 
                 	.MACRO __MULBRR
                 	MULS R@0,R@1
                 	MOVW R30,R0
                 	.ENDM
                 
                 	.MACRO __MULBRRU
                 	MUL  R@0,R@1
                 	MOVW R30,R0
                 	.ENDM
                 
                 	.MACRO __MULBRR0
                 	MULS R@0,R@1
                 	.ENDM
                 
                 	.MACRO __MULBRRU0
                 	MUL  R@0,R@1
                 	.ENDM
                 
                 	.MACRO __MULBNWRU
                 	LDI  R26,@2
                 	MUL  R26,R@0
                 	MOVW R30,R0
                 	MUL  R26,R@1
                 	ADD  R31,R0
                 	.ENDM
                 
                 ;NAME DEFINITIONS FOR GLOBAL VARIABLES ALLOCATED TO REGISTERS
                 	.DEF __lcd_x=R5
                 	.DEF __lcd_y=R4
                 	.DEF __lcd_maxx=R7
                 
                 	.CSEG
                 	.ORG 0x00
                 
                 ;START OF CODE MARKER
                 __START_OF_CODE:
                 
                 ;INTERRUPT VECTORS
000000 940c 0041 	JMP  __RESET
000002 940c 0000 	JMP  0x00
000004 940c 0000 	JMP  0x00
000006 940c 0000 	JMP  0x00
000008 940c 0000 	JMP  0x00
00000a 940c 0000 	JMP  0x00
00000c 940c 0000 	JMP  0x00
00000e 940c 0000 	JMP  0x00
000010 940c 0000 	JMP  0x00
000012 940c 0000 	JMP  0x00
000014 940c 0000 	JMP  0x00
000016 940c 0000 	JMP  0x00
000018 940c 0000 	JMP  0x00
00001a 940c 0000 	JMP  0x00
00001c 940c 0000 	JMP  0x00
00001e 940c 0000 	JMP  0x00
000020 940c 0000 	JMP  0x00
000022 940c 0000 	JMP  0x00
000024 940c 0000 	JMP  0x00
000026 940c 0000 	JMP  0x00
000028 940c 0000 	JMP  0x00
                 
                 _tbl10_G102:
00002a 2710
00002b 03e8
00002c 0064
00002d 000a      	.DB  0x10,0x27,0xE8,0x3,0x64,0x0,0xA,0x0
00002e 0001      	.DB  0x1,0x0
                 _tbl16_G102:
00002f 1000
000030 0100
000031 0010
000032 0001      	.DB  0x0,0x10,0x0,0x1,0x10,0x0,0x1,0x0
                 
                 _0x2000060:
D:\yasaman-navid\Debug\List\1.asm(1128): warning: .cseg .db misalignment - padding zero byte
000033 0001      	.DB  0x1
                 _0x2000000:
000034 4e2d
000035 4e41
000036 4900
000037 464e      	.DB  0x2D,0x4E,0x41,0x4E,0x0,0x49,0x4E,0x46
D:\yasaman-navid\Debug\List\1.asm(1131): warning: .cseg .db misalignment - padding zero byte
000038 0000      	.DB  0x0
                 _0x2020003:
000039 c080      	.DB  0x80,0xC0
                 
                 __GLOBAL_INI_TBL:
00003a 0001      	.DW  0x01
00003b 0260      	.DW  __seed_G100
00003c 0066      	.DW  _0x2000060*2
                 
00003d 0002      	.DW  0x02
00003e 0264      	.DW  __base_y_G101
00003f 0072      	.DW  _0x2020003*2
                 
                 _0xFFFFFFFF:
000040 0000      	.DW  0
                 
                 #define __GLOBAL_INI_TBL_PRESENT 1
                 
                 __RESET:
000041 94f8      	CLI
000042 27ee      	CLR  R30
000043 bbec      	OUT  EECR,R30
                 
                 ;INTERRUPT VECTORS ARE PLACED
                 ;AT THE START OF FLASH
000044 e0f1      	LDI  R31,1
000045 bffb      	OUT  GICR,R31
000046 bfeb      	OUT  GICR,R30
000047 bfe5      	OUT  MCUCR,R30
                 
                 ;CLEAR R2-R14
000048 e08d      	LDI  R24,(14-2)+1
000049 e0a2      	LDI  R26,2
00004a 27bb      	CLR  R27
                 __CLEAR_REG:
00004b 93ed      	ST   X+,R30
00004c 958a      	DEC  R24
00004d f7e9      	BRNE __CLEAR_REG
                 
                 ;CLEAR SRAM
00004e e080      	LDI  R24,LOW(__CLEAR_SRAM_SIZE)
00004f e098      	LDI  R25,HIGH(__CLEAR_SRAM_SIZE)
000050 e6a0      	LDI  R26,__SRAM_START
                 __CLEAR_SRAM:
000051 93ed      	ST   X+,R30
000052 9701      	SBIW R24,1
000053 f7e9      	BRNE __CLEAR_SRAM
                 
                 ;GLOBAL VARIABLES INITIALIZATION
000054 e7e4      	LDI  R30,LOW(__GLOBAL_INI_TBL*2)
000055 e0f0      	LDI  R31,HIGH(__GLOBAL_INI_TBL*2)
                 __GLOBAL_INI_NEXT:
000056 9185      	LPM  R24,Z+
000057 9195      	LPM  R25,Z+
000058 9700      	SBIW R24,0
000059 f061      	BREQ __GLOBAL_INI_END
00005a 91a5      	LPM  R26,Z+
00005b 91b5      	LPM  R27,Z+
00005c 9005      	LPM  R0,Z+
00005d 9015      	LPM  R1,Z+
00005e 01bf      	MOVW R22,R30
00005f 01f0      	MOVW R30,R0
                 __GLOBAL_INI_LOOP:
000060 9005      	LPM  R0,Z+
000061 920d      	ST   X+,R0
000062 9701      	SBIW R24,1
000063 f7e1      	BRNE __GLOBAL_INI_LOOP
000064 01fb      	MOVW R30,R22
000065 cff0      	RJMP __GLOBAL_INI_NEXT
                 __GLOBAL_INI_END:
                 
                 ;HARDWARE STACK POINTER INITIALIZATION
000066 e5ef      	LDI  R30,LOW(__SRAM_END-__HEAP_SIZE)
000067 bfed      	OUT  SPL,R30
000068 e0e8      	LDI  R30,HIGH(__SRAM_END-__HEAP_SIZE)
000069 bfee      	OUT  SPH,R30
                 
                 ;DATA STACK POINTER INITIALIZATION
00006a e6c0      	LDI  R28,LOW(__SRAM_START+__DSTACK_SIZE)
00006b e0d2      	LDI  R29,HIGH(__SRAM_START+__DSTACK_SIZE)
                 
00006c 940c 007c 	JMP  _main
                 
                 	.ESEG
                 	.ORG 0
                 
                 	.DSEG
                 	.ORG 0x260
                 
                 	.CSEG
                 ;/*******************************************************
                 ;This program was created by the
                 ;CodeWizardAVR V3.12 Advanced
                 ;Automatic Program Generator
                 ;© Copyright 1998-2014 Pavel Haiduc, HP InfoTech s.r.l.
                 ;http://www.hpinfotech.com
                 ;
                 ;Project :
                 ;Version :
                 ;Date    : 07/11/2018
                 ;Author  :
                 ;Company :
                 ;Comments:
                 ;
                 ;
                 ;Chip type               : ATmega32
                 ;Program type            : Application
                 ;AVR Core Clock frequency: 8.000000 MHz
                 ;Memory model            : Small
                 ;External RAM size       : 0
                 ;Data Stack size         : 512
                 ;*******************************************************/
                 ;
                 ;#include <mega32.h>
                 	#ifndef __SLEEP_DEFINED__
                 	#define __SLEEP_DEFINED__
                 	.EQU __se_bit=0x80
                 	.EQU __sm_mask=0x70
                 	.EQU __sm_powerdown=0x20
                 	.EQU __sm_powersave=0x30
                 	.EQU __sm_standby=0x60
                 	.EQU __sm_ext_standby=0x70
                 	.EQU __sm_adc_noise_red=0x10
                 	.SET power_ctrl_reg=mcucr
                 	#endif
                 ;#include <stdlib.h>
                 ;#include <delay.h>
                 ;
                 ;// Alphanumeric LCD functions
                 ;#include <alcd.h>
                 ;
                 ;// Declare your global variables here
                 ;
                 ;// Standard Input/Output functions
                 ;#include <stdio.h>
                 ;
                 ;// Voltage Reference: AREF pin
                 ;#define ADC_VREF_TYPE ((0<<REFS1) | (0<<REFS0) | (0<<ADLAR))
                 ;
                 ;// Read the AD conversion result
                 ;unsigned int read_adc(unsigned char adc_input)
                 ; 0000 0029 {
                 
                 	.CSEG
                 _read_adc:
                 ; .FSTART _read_adc
                 ; 0000 002A ADMUX=adc_input | ADC_VREF_TYPE;
00006e 93aa      	ST   -Y,R26
                 ;	adc_input -> Y+0
00006f 81e8      	LD   R30,Y
000070 b9e7      	OUT  0x7,R30
                 ; 0000 002B // Delay needed for the stabilization of the ADC input voltage
                 ; 0000 002C delay_us(10);
                +
000071 e18b     +LDI R24 , LOW ( 27 )
                +__DELAY_USB_LOOP :
000072 958a     +DEC R24
000073 f7f1     +BRNE __DELAY_USB_LOOP
                 	__DELAY_USB 27
                 ; 0000 002D // Start the AD conversion
                 ; 0000 002E ADCSRA|=(1<<ADSC);
000074 9a36      	SBI  0x6,6
                 ; 0000 002F // Wait for the AD conversion to complete
                 ; 0000 0030 while ((ADCSRA & (1<<ADIF))==0);
                 _0x3:
000075 9b34      	SBIS 0x6,4
000076 cffe      	RJMP _0x3
                 ; 0000 0031 ADCSRA|=(1<<ADIF);
000077 9a34      	SBI  0x6,4
                 ; 0000 0032 return ADCW;
000078 b1e4      	IN   R30,0x4
000079 b1f5      	IN   R31,0x4+1
00007a 940c 0197 	JMP  _0x20C0001
                 ; 0000 0033 }
                 ; .FEND
                 ;
                 ;void main(void)
                 ; 0000 0036 {
                 _main:
                 ; .FSTART _main
                 ; 0000 0037      char buffer[7];
                 ; 0000 0038 char str[20];
                 ; 0000 0039 
                 ; 0000 003A // Declare your local variables here
                 ; 0000 003B 
                 ; 0000 003C // Input/Output Ports initialization
                 ; 0000 003D // Port A initialization
                 ; 0000 003E // Function: Bit7=In Bit6=In Bit5=In Bit4=In Bit3=In Bit2=In Bit1=In Bit0=In
                 ; 0000 003F DDRA=(0<<DDA7) | (0<<DDA6) | (0<<DDA5) | (0<<DDA4) | (0<<DDA3) | (0<<DDA2) | (0<<DDA1) | (0<<DDA0);
00007c 976b      	SBIW R28,27
                 ;	buffer -> Y+20
                 ;	str -> Y+0
00007d e0e0      	LDI  R30,LOW(0)
00007e bbea      	OUT  0x1A,R30
                 ; 0000 0040 // State: Bit7=T Bit6=T Bit5=T Bit4=T Bit3=T Bit2=T Bit1=T Bit0=T
                 ; 0000 0041 PORTA=(0<<PORTA7) | (0<<PORTA6) | (0<<PORTA5) | (0<<PORTA4) | (0<<PORTA3) | (0<<PORTA2) | (0<<PORTA1) | (0<<PORTA0);
00007f bbeb      	OUT  0x1B,R30
                 ; 0000 0042 
                 ; 0000 0043 // Port B initialization
                 ; 0000 0044 // Function: Bit7=In Bit6=In Bit5=In Bit4=In Bit3=In Bit2=In Bit1=In Bit0=In
                 ; 0000 0045 DDRB=(0<<DDB7) | (0<<DDB6) | (0<<DDB5) | (0<<DDB4) | (0<<DDB3) | (0<<DDB2) | (0<<DDB1) | (0<<DDB0);
000080 bbe7      	OUT  0x17,R30
                 ; 0000 0046 // State: Bit7=T Bit6=T Bit5=T Bit4=T Bit3=T Bit2=T Bit1=T Bit0=T
                 ; 0000 0047 PORTB=(0<<PORTB7) | (0<<PORTB6) | (0<<PORTB5) | (0<<PORTB4) | (0<<PORTB3) | (0<<PORTB2) | (0<<PORTB1) | (0<<PORTB0);
000081 bbe8      	OUT  0x18,R30
                 ; 0000 0048 
                 ; 0000 0049 // Port C initialization
                 ; 0000 004A // Function: Bit7=Out Bit6=Out Bit5=Out Bit4=Out Bit3=Out Bit2=Out Bit1=In Bit0=In
                 ; 0000 004B DDRC=(0<<DDC7) | (0<<DDC6) | (0<<DDC5) | (0<<DDC4) | (0<<DDC3) | (0<<DDC2) | (0<<DDC1) | (0<<DDC0);
000082 bbe4      	OUT  0x14,R30
                 ; 0000 004C // State: Bit7=0 Bit6=0 Bit5=0 Bit4=0 Bit3=0 Bit2=0 Bit1=T Bit0=T
                 ; 0000 004D PORTC=(0<<PORTC7) | (0<<PORTC6) | (0<<PORTC5) | (0<<PORTC4) | (0<<PORTC3) | (0<<PORTC2) | (0<<PORTC1) | (0<<PORTC0);
000083 bbe5      	OUT  0x15,R30
                 ; 0000 004E 
                 ; 0000 004F // Port D initialization
                 ; 0000 0050 // Function: Bit7=Out Bit6=In Bit5=In Bit4=In Bit3=In Bit2=Out Bit1=In Bit0=In
                 ; 0000 0051 DDRD=(1<<DDD7) | (0<<DDD6) | (0<<DDD5) | (0<<DDD4) | (0<<DDD3) | (0<<DDD2) | (0<<DDD1) | (0<<DDD0);
000084 e8e0      	LDI  R30,LOW(128)
000085 bbe1      	OUT  0x11,R30
                 ; 0000 0052 // State: Bit7=0 Bit6=T Bit5=T Bit4=T Bit3=T Bit2=0 Bit1=T Bit0=T
                 ; 0000 0053 PORTD=(0<<PORTD7) | (0<<PORTD6) | (0<<PORTD5) | (0<<PORTD4) | (0<<PORTD3) | (0<<PORTD2) | (0<<PORTD1) | (0<<PORTD0);
000086 e0e0      	LDI  R30,LOW(0)
000087 bbe2      	OUT  0x12,R30
                 ; 0000 0054 
                 ; 0000 0055 // Timer/Counter 0 initialization
                 ; 0000 0056 // Clock source: System Clock
                 ; 0000 0057 // Clock value: Timer 0 Stopped
                 ; 0000 0058 // Mode: Normal top=0xFF
                 ; 0000 0059 // OC0 output: Disconnected
                 ; 0000 005A TCCR0=(0<<WGM00) | (0<<COM01) | (0<<COM00) | (0<<WGM01) | (0<<CS02) | (0<<CS01) | (0<<CS00);
000088 bfe3      	OUT  0x33,R30
                 ; 0000 005B TCNT0=0x00;
000089 bfe2      	OUT  0x32,R30
                 ; 0000 005C OCR0=0x00;
00008a bfec      	OUT  0x3C,R30
                 ; 0000 005D 
                 ; 0000 005E // Timer/Counter 1 initialization
                 ; 0000 005F // Clock source: System Clock
                 ; 0000 0060 // Clock value: Timer1 Stopped
                 ; 0000 0061 // Mode: Normal top=0xFFFF
                 ; 0000 0062 // OC1A output: Disconnected
                 ; 0000 0063 // OC1B output: Disconnected
                 ; 0000 0064 // Noise Canceler: Off
                 ; 0000 0065 // Input Capture on Falling Edge
                 ; 0000 0066 // Timer1 Overflow Interrupt: Off
                 ; 0000 0067 // Input Capture Interrupt: Off
                 ; 0000 0068 // Compare A Match Interrupt: Off
                 ; 0000 0069 // Compare B Match Interrupt: Off
                 ; 0000 006A TCCR1A=(0<<COM1A1) | (0<<COM1A0) | (0<<COM1B1) | (0<<COM1B0) | (0<<WGM11) | (0<<WGM10);
00008b bdef      	OUT  0x2F,R30
                 ; 0000 006B TCCR1B=(0<<ICNC1) | (0<<ICES1) | (0<<WGM13) | (0<<WGM12) | (0<<CS12) | (0<<CS11) | (0<<CS10);
00008c bdee      	OUT  0x2E,R30
                 ; 0000 006C TCNT1H=0x00;
00008d bded      	OUT  0x2D,R30
                 ; 0000 006D TCNT1L=0x00;
00008e bdec      	OUT  0x2C,R30
                 ; 0000 006E ICR1H=0x00;
00008f bde7      	OUT  0x27,R30
                 ; 0000 006F ICR1L=0x00;
000090 bde6      	OUT  0x26,R30
                 ; 0000 0070 OCR1AH=0x00;
000091 bdeb      	OUT  0x2B,R30
                 ; 0000 0071 OCR1AL=0x00;
000092 bdea      	OUT  0x2A,R30
                 ; 0000 0072 OCR1BH=0x00;
000093 bde9      	OUT  0x29,R30
                 ; 0000 0073 OCR1BL=0x00;
000094 bde8      	OUT  0x28,R30
                 ; 0000 0074 
                 ; 0000 0075 // Timer/Counter 2 initialization
                 ; 0000 0076 // Clock source: System Clock
                 ; 0000 0077 // Clock value: Timer2 Stopped
                 ; 0000 0078 // Mode: Normal top=0xFF
                 ; 0000 0079 // OC2 output: Disconnected
                 ; 0000 007A ASSR=0<<AS2;
000095 bde2      	OUT  0x22,R30
                 ; 0000 007B TCCR2=(0<<PWM2) | (0<<COM21) | (0<<COM20) | (0<<CTC2) | (0<<CS22) | (0<<CS21) | (0<<CS20);
000096 bde5      	OUT  0x25,R30
                 ; 0000 007C TCNT2=0x00;
000097 bde4      	OUT  0x24,R30
                 ; 0000 007D OCR2=0x00;
000098 bde3      	OUT  0x23,R30
                 ; 0000 007E 
                 ; 0000 007F // Timer(s)/Counter(s) Interrupt(s) initialization
                 ; 0000 0080 TIMSK=(0<<OCIE2) | (0<<TOIE2) | (0<<TICIE1) | (0<<OCIE1A) | (0<<OCIE1B) | (0<<TOIE1) | (0<<OCIE0) | (0<<TOIE0);
000099 bfe9      	OUT  0x39,R30
                 ; 0000 0081 
                 ; 0000 0082 // External Interrupt(s) initialization
                 ; 0000 0083 // INT0: Off
                 ; 0000 0084 // INT1: Off
                 ; 0000 0085 // INT2: Off
                 ; 0000 0086 MCUCR=(0<<ISC11) | (0<<ISC10) | (0<<ISC01) | (0<<ISC00);
00009a bfe5      	OUT  0x35,R30
                 ; 0000 0087 MCUCSR=(0<<ISC2);
00009b bfe4      	OUT  0x34,R30
                 ; 0000 0088 
                 ; 0000 0089 // USART initialization
                 ; 0000 008A // Communication Parameters: 8 Data, 1 Stop, No Parity
                 ; 0000 008B // USART Receiver: Off
                 ; 0000 008C // USART Transmitter: On
                 ; 0000 008D // USART Mode: Asynchronous
                 ; 0000 008E // USART Baud Rate: 9600
                 ; 0000 008F UCSRA=(0<<RXC) | (0<<TXC) | (0<<UDRE) | (0<<FE) | (0<<DOR) | (0<<UPE) | (0<<U2X) | (0<<MPCM);
00009c b9eb      	OUT  0xB,R30
                 ; 0000 0090 UCSRB=(0<<RXCIE) | (0<<TXCIE) | (0<<UDRIE) | (0<<RXEN) | (1<<TXEN) | (0<<UCSZ2) | (0<<RXB8) | (0<<TXB8);
00009d e0e8      	LDI  R30,LOW(8)
00009e b9ea      	OUT  0xA,R30
                 ; 0000 0091 UCSRC=(1<<URSEL) | (0<<UMSEL) | (0<<UPM1) | (0<<UPM0) | (0<<USBS) | (1<<UCSZ1) | (1<<UCSZ0) | (0<<UCPOL);
00009f e8e6      	LDI  R30,LOW(134)
0000a0 bde0      	OUT  0x20,R30
                 ; 0000 0092 UBRRH=0x00;
0000a1 e0e0      	LDI  R30,LOW(0)
0000a2 bde0      	OUT  0x20,R30
                 ; 0000 0093 UBRRL=0x33;
0000a3 e3e3      	LDI  R30,LOW(51)
0000a4 b9e9      	OUT  0x9,R30
                 ; 0000 0094 
                 ; 0000 0095 // Analog Comparator initialization
                 ; 0000 0096 // Analog Comparator: Off
                 ; 0000 0097 // The Analog Comparator's positive input is
                 ; 0000 0098 // connected to the AIN0 pin
                 ; 0000 0099 // The Analog Comparator's negative input is
                 ; 0000 009A // connected to the AIN1 pin
                 ; 0000 009B ACSR=(1<<ACD) | (0<<ACBG) | (0<<ACO) | (0<<ACI) | (0<<ACIE) | (0<<ACIC) | (0<<ACIS1) | (0<<ACIS0);
0000a5 e8e0      	LDI  R30,LOW(128)
0000a6 b9e8      	OUT  0x8,R30
                 ; 0000 009C 
                 ; 0000 009D // ADC initialization
                 ; 0000 009E // ADC Clock frequency: 1000.000 kHz
                 ; 0000 009F // ADC Voltage Reference: AREF pin
                 ; 0000 00A0 // ADC Auto Trigger Source: Free Running
                 ; 0000 00A1 ADMUX=ADC_VREF_TYPE;
0000a7 e0e0      	LDI  R30,LOW(0)
0000a8 b9e7      	OUT  0x7,R30
                 ; 0000 00A2 ADCSRA=(1<<ADEN) | (0<<ADSC) | (1<<ADATE) | (0<<ADIF) | (0<<ADIE) | (0<<ADPS2) | (1<<ADPS1) | (1<<ADPS0);
0000a9 eae3      	LDI  R30,LOW(163)
0000aa b9e6      	OUT  0x6,R30
                 ; 0000 00A3 SFIOR=(0<<ADTS2) | (0<<ADTS1) | (0<<ADTS0);
0000ab e0e0      	LDI  R30,LOW(0)
0000ac bfe0      	OUT  0x30,R30
                 ; 0000 00A4 
                 ; 0000 00A5 // SPI initialization
                 ; 0000 00A6 // SPI disabled
                 ; 0000 00A7 SPCR=(0<<SPIE) | (0<<SPE) | (0<<DORD) | (0<<MSTR) | (0<<CPOL) | (0<<CPHA) | (0<<SPR1) | (0<<SPR0);
0000ad b9ed      	OUT  0xD,R30
                 ; 0000 00A8 
                 ; 0000 00A9 // TWI initialization
                 ; 0000 00AA // TWI disabled
                 ; 0000 00AB TWCR=(0<<TWEA) | (0<<TWSTA) | (0<<TWSTO) | (0<<TWEN) | (0<<TWIE);
0000ae bfe6      	OUT  0x36,R30
                 ; 0000 00AC 
                 ; 0000 00AD // Alphanumeric LCD initialization
                 ; 0000 00AE // Connections are specified in the
                 ; 0000 00AF // Project|Configure|C Compiler|Libraries|Alphanumeric LCD menu:
                 ; 0000 00B0 // RS - PORTC Bit 2
                 ; 0000 00B1 // RD - PORTC Bit 3
                 ; 0000 00B2 // EN - PORTC Bit 4
                 ; 0000 00B3 // D4 - PORTC Bit 5
                 ; 0000 00B4 // D5 - PORTC Bit 6
                 ; 0000 00B5 // D6 - PORTC Bit 7
                 ; 0000 00B6 // D7 - PORTD Bit 2
                 ; 0000 00B7 // Characters/line: 16
                 ; 0000 00B8 lcd_init(16);
0000af e1a0      	LDI  R26,LOW(16)
0000b0 940e 016a 	CALL _lcd_init
                 ; 0000 00B9 
                 ; 0000 00BA while (1)
                 _0x6:
                 ; 0000 00BB       {
                 ; 0000 00BC      lcd_clear();
0000b2 940e 0138 	CALL _lcd_clear
                 ; 0000 00BD       lcd_gotoxy(0,0);
0000b4 e0e0      	LDI  R30,LOW(0)
0000b5 93ea      	ST   -Y,R30
0000b6 e0a0      	LDI  R26,LOW(0)
0000b7 940e 012b 	CALL _lcd_gotoxy
                 ; 0000 00BE      // lcd_putsf("YASAMAN");
                 ; 0000 00BF        // delay_ms(500);
                 ; 0000 00C0               PORTD.7=1;
0000b9 9a97      	SBI  0x12,7
                 ; 0000 00C1              // sprintf(str,"ADC0:%04u", read_adc(1));
                 ; 0000 00C2              // str[0]='n';
                 ; 0000 00C3             //  puts(str);
                 ; 0000 00C4 
                 ; 0000 00C5             itoa(read_adc(0), buffer);
0000ba e0a0      	LDI  R26,LOW(0)
0000bb dfb2      	RCALL _read_adc
0000bc 93fa      	ST   -Y,R31
0000bd 93ea      	ST   -Y,R30
0000be 01de      	MOVW R26,R28
0000bf 9656      	ADIW R26,22
0000c0 940e 00cc 	CALL _itoa
                 ; 0000 00C6             lcd_puts(buffer);
0000c2 01de      	MOVW R26,R28
0000c3 9654      	ADIW R26,20
0000c4 940e 0159 	CALL _lcd_puts
                 ; 0000 00C7             delay_ms(30);
0000c6 e1ae      	LDI  R26,LOW(30)
0000c7 e0b0      	LDI  R27,0
0000c8 940e 01a7 	CALL _delay_ms
                 ; 0000 00C8       }
0000ca cfe7      	RJMP _0x6
                 ; 0000 00C9 }
                 _0xB:
0000cb cfff      	RJMP _0xB
                 ; .FEND
                 
                 	.CSEG
                 _itoa:
                 ; .FSTART _itoa
0000cc 93ba      	ST   -Y,R27
0000cd 93aa      	ST   -Y,R26
0000ce 91a9          ld   r26,y+
0000cf 91b9          ld   r27,y+
0000d0 91e9          ld   r30,y+
0000d1 91f9          ld   r31,y+
0000d2 9630          adiw r30,0
0000d3 f42a          brpl __itoa0
0000d4 95e0          com  r30
0000d5 95f0          com  r31
0000d6 9631          adiw r30,1
0000d7 e26d          ldi  r22,'-'
0000d8 936d          st   x+,r22
                 __itoa0:
0000d9 94e8          clt
0000da e180          ldi  r24,low(10000)
0000db e297          ldi  r25,high(10000)
0000dc d00d          rcall __itoa1
0000dd ee88          ldi  r24,low(1000)
0000de e093          ldi  r25,high(1000)
0000df d00a          rcall __itoa1
0000e0 e684          ldi  r24,100
0000e1 2799          clr  r25
0000e2 d007          rcall __itoa1
0000e3 e08a          ldi  r24,10
0000e4 d005          rcall __itoa1
0000e5 2f6e          mov  r22,r30
0000e6 d010          rcall __itoa5
0000e7 2766          clr  r22
0000e8 936c          st   x,r22
0000e9 9508          ret
                 
                 __itoa1:
0000ea 2766          clr	 r22
                 __itoa2:
0000eb 17e8          cp   r30,r24
0000ec 07f9          cpc  r31,r25
0000ed f020          brlo __itoa3
0000ee 9563          inc  r22
0000ef 1be8          sub  r30,r24
0000f0 0bf9          sbc  r31,r25
0000f1 f7c9          brne __itoa2
                 __itoa3:
0000f2 2366          tst  r22
0000f3 f411          brne __itoa4
0000f4 f016          brts __itoa5
0000f5 9508          ret
                 __itoa4:
0000f6 9468          set
                 __itoa5:
0000f7 5d60          subi r22,-0x30
0000f8 936d          st   x+,r22
0000f9 9508          ret
                 ; .FEND
                 
                 	.DSEG
                 
                 	.CSEG
                 	#ifndef __SLEEP_DEFINED__
                 	#endif
                 
                 	.DSEG
                 
                 	.CSEG
                 __lcd_write_nibble_G101:
                 ; .FSTART __lcd_write_nibble_G101
0000fa 93aa      	ST   -Y,R26
0000fb 81e8      	LD   R30,Y
0000fc 71e0      	ANDI R30,LOW(0x10)
0000fd f011      	BREQ _0x2020004
0000fe 9aad      	SBI  0x15,5
0000ff c001      	RJMP _0x2020005
                 _0x2020004:
000100 98ad      	CBI  0x15,5
                 _0x2020005:
000101 81e8      	LD   R30,Y
000102 72e0      	ANDI R30,LOW(0x20)
000103 f011      	BREQ _0x2020006
000104 9aae      	SBI  0x15,6
000105 c001      	RJMP _0x2020007
                 _0x2020006:
000106 98ae      	CBI  0x15,6
                 _0x2020007:
000107 81e8      	LD   R30,Y
000108 74e0      	ANDI R30,LOW(0x40)
000109 f011      	BREQ _0x2020008
00010a 9aaf      	SBI  0x15,7
00010b c001      	RJMP _0x2020009
                 _0x2020008:
00010c 98af      	CBI  0x15,7
                 _0x2020009:
00010d 81e8      	LD   R30,Y
00010e 78e0      	ANDI R30,LOW(0x80)
00010f f011      	BREQ _0x202000A
000110 9a92      	SBI  0x12,2
000111 c001      	RJMP _0x202000B
                 _0x202000A:
000112 9892      	CBI  0x12,2
                 _0x202000B:
                +
000113 e08d     +LDI R24 , LOW ( 13 )
                +__DELAY_USB_LOOP :
000114 958a     +DEC R24
000115 f7f1     +BRNE __DELAY_USB_LOOP
                 	__DELAY_USB 13
000116 9aac      	SBI  0x15,4
                +
000117 e08d     +LDI R24 , LOW ( 13 )
                +__DELAY_USB_LOOP :
000118 958a     +DEC R24
000119 f7f1     +BRNE __DELAY_USB_LOOP
                 	__DELAY_USB 13
00011a 98ac      	CBI  0x15,4
                +
00011b e08d     +LDI R24 , LOW ( 13 )
                +__DELAY_USB_LOOP :
00011c 958a     +DEC R24
00011d f7f1     +BRNE __DELAY_USB_LOOP
                 	__DELAY_USB 13
00011e c078      	RJMP _0x20C0001
                 ; .FEND
                 __lcd_write_data:
                 ; .FSTART __lcd_write_data
00011f 93aa      	ST   -Y,R26
000120 81a8      	LD   R26,Y
000121 dfd8      	RCALL __lcd_write_nibble_G101
000122 81e8          ld    r30,y
000123 95e2          swap  r30
000124 83e8          st    y,r30
000125 81a8      	LD   R26,Y
000126 dfd3      	RCALL __lcd_write_nibble_G101
                +
000127 e885     +LDI R24 , LOW ( 133 )
                +__DELAY_USB_LOOP :
000128 958a     +DEC R24
000129 f7f1     +BRNE __DELAY_USB_LOOP
                 	__DELAY_USB 133
00012a c06c      	RJMP _0x20C0001
                 ; .FEND
                 _lcd_gotoxy:
                 ; .FSTART _lcd_gotoxy
00012b 93aa      	ST   -Y,R26
00012c 81e8      	LD   R30,Y
00012d e0f0      	LDI  R31,0
00012e 59ec      	SUBI R30,LOW(-__base_y_G101)
00012f 4ffd      	SBCI R31,HIGH(-__base_y_G101)
000130 81e0      	LD   R30,Z
000131 81a9      	LDD  R26,Y+1
000132 0fae      	ADD  R26,R30
000133 dfeb      	RCALL __lcd_write_data
000134 8059      	LDD  R5,Y+1
000135 8048      	LDD  R4,Y+0
000136 9622      	ADIW R28,2
000137 9508      	RET
                 ; .FEND
                 _lcd_clear:
                 ; .FSTART _lcd_clear
000138 e0a2      	LDI  R26,LOW(2)
000139 940e 0199 	CALL SUBOPT_0x0
00013b e0ac      	LDI  R26,LOW(12)
00013c dfe2      	RCALL __lcd_write_data
00013d e0a1      	LDI  R26,LOW(1)
00013e 940e 0199 	CALL SUBOPT_0x0
000140 e0e0      	LDI  R30,LOW(0)
000141 2e4e      	MOV  R4,R30
000142 2e5e      	MOV  R5,R30
000143 9508      	RET
                 ; .FEND
                 _lcd_putchar:
                 ; .FSTART _lcd_putchar
000144 93aa      	ST   -Y,R26
000145 81a8      	LD   R26,Y
000146 30aa      	CPI  R26,LOW(0xA)
000147 f011      	BREQ _0x2020011
000148 1457      	CP   R5,R7
000149 f048      	BRLO _0x2020010
                 _0x2020011:
00014a e0e0      	LDI  R30,LOW(0)
00014b 93ea      	ST   -Y,R30
00014c 9443      	INC  R4
00014d 2da4      	MOV  R26,R4
00014e dfdc      	RCALL _lcd_gotoxy
00014f 81a8      	LD   R26,Y
000150 30aa      	CPI  R26,LOW(0xA)
000151 f409      	BRNE _0x2020013
000152 c044      	RJMP _0x20C0001
                 _0x2020013:
                 _0x2020010:
000153 9453      	INC  R5
000154 9aaa      	SBI  0x15,2
000155 81a8      	LD   R26,Y
000156 dfc8      	RCALL __lcd_write_data
000157 98aa      	CBI  0x15,2
000158 c03e      	RJMP _0x20C0001
                 ; .FEND
                 _lcd_puts:
                 ; .FSTART _lcd_puts
000159 93ba      	ST   -Y,R27
00015a 93aa      	ST   -Y,R26
00015b 931a      	ST   -Y,R17
                 _0x2020014:
00015c 81a9      	LDD  R26,Y+1
00015d 81ba      	LDD  R27,Y+1+1
00015e 91ed      	LD   R30,X+
00015f 83a9      	STD  Y+1,R26
000160 83ba      	STD  Y+1+1,R27
000161 2f1e      	MOV  R17,R30
000162 30e0      	CPI  R30,0
000163 f019      	BREQ _0x2020016
000164 2fa1      	MOV  R26,R17
000165 dfde      	RCALL _lcd_putchar
000166 cff5      	RJMP _0x2020014
                 _0x2020016:
000167 8118      	LDD  R17,Y+0
000168 9623      	ADIW R28,3
000169 9508      	RET
                 ; .FEND
                 _lcd_init:
                 ; .FSTART _lcd_init
00016a 93aa      	ST   -Y,R26
00016b 9aa5      	SBI  0x14,5
00016c 9aa6      	SBI  0x14,6
00016d 9aa7      	SBI  0x14,7
00016e 9a8a      	SBI  0x11,2
00016f 9aa4      	SBI  0x14,4
000170 9aa2      	SBI  0x14,2
000171 9aa3      	SBI  0x14,3
000172 98ac      	CBI  0x15,4
000173 98aa      	CBI  0x15,2
000174 98ab      	CBI  0x15,3
000175 8078      	LDD  R7,Y+0
000176 81e8      	LD   R30,Y
000177 58e0      	SUBI R30,-LOW(128)
                +
000178 93e0 0266+STS __base_y_G101 + ( 2 ) , R30
                 	__PUTB1MN __base_y_G101,2
00017a 81e8      	LD   R30,Y
00017b 54e0      	SUBI R30,-LOW(192)
                +
00017c 93e0 0267+STS __base_y_G101 + ( 3 ) , R30
                 	__PUTB1MN __base_y_G101,3
00017e e1a4      	LDI  R26,LOW(20)
00017f e0b0      	LDI  R27,0
000180 940e 01a7 	CALL _delay_ms
000182 940e 019f 	CALL SUBOPT_0x1
000184 940e 019f 	CALL SUBOPT_0x1
000186 940e 019f 	CALL SUBOPT_0x1
000188 e2a0      	LDI  R26,LOW(32)
000189 df70      	RCALL __lcd_write_nibble_G101
                +
00018a ec88     +LDI R24 , LOW ( 200 )
00018b e090     +LDI R25 , HIGH ( 200 )
                +__DELAY_USW_LOOP :
00018c 9701     +SBIW R24 , 1
00018d f7f1     +BRNE __DELAY_USW_LOOP
                 	__DELAY_USW 200
00018e e2a8      	LDI  R26,LOW(40)
00018f df8f      	RCALL __lcd_write_data
000190 e0a4      	LDI  R26,LOW(4)
000191 df8d      	RCALL __lcd_write_data
000192 e8a5      	LDI  R26,LOW(133)
000193 df8b      	RCALL __lcd_write_data
000194 e0a6      	LDI  R26,LOW(6)
000195 df89      	RCALL __lcd_write_data
000196 dfa1      	RCALL _lcd_clear
                 _0x20C0001:
000197 9621      	ADIW R28,1
000198 9508      	RET
                 ; .FEND
                 	#ifndef __SLEEP_DEFINED__
                 	#endif
                 
                 	.CSEG
                 
                 	.CSEG
                 
                 	.CSEG
                 
                 	.CSEG
                 
                 	.DSEG
                 __seed_G100:
000260           	.BYTE 0x4
                 __base_y_G101:
000264           	.BYTE 0x4
                 
                 	.CSEG
                 ;OPTIMIZER ADDED SUBROUTINE, CALLED 2 TIMES, CODE SIZE REDUCTION:1 WORDS
                 SUBOPT_0x0:
000199 940e 011f 	CALL __lcd_write_data
00019b e0a3      	LDI  R26,LOW(3)
00019c e0b0      	LDI  R27,0
00019d 940c 01a7 	JMP  _delay_ms
                 
                 ;OPTIMIZER ADDED SUBROUTINE, CALLED 3 TIMES, CODE SIZE REDUCTION:7 WORDS
                 SUBOPT_0x1:
00019f e3a0      	LDI  R26,LOW(48)
0001a0 940e 00fa 	CALL __lcd_write_nibble_G101
                +
0001a2 ec88     +LDI R24 , LOW ( 200 )
0001a3 e090     +LDI R25 , HIGH ( 200 )
                +__DELAY_USW_LOOP :
0001a4 9701     +SBIW R24 , 1
0001a5 f7f1     +BRNE __DELAY_USW_LOOP
                 	__DELAY_USW 200
0001a6 9508      	RET
                 
                 
                 	.CSEG
                 _delay_ms:
0001a7 9610      	adiw r26,0
0001a8 f039      	breq __delay_ms1
                 __delay_ms0:
                +
0001a9 ed80     +LDI R24 , LOW ( 0x7D0 )
0001aa e097     +LDI R25 , HIGH ( 0x7D0 )
                +__DELAY_USW_LOOP :
0001ab 9701     +SBIW R24 , 1
0001ac f7f1     +BRNE __DELAY_USW_LOOP
                 	__DELAY_USW 0x7D0
0001ad 95a8      	wdr
0001ae 9711      	sbiw r26,1
0001af f7c9      	brne __delay_ms0
                 __delay_ms1:
0001b0 9508      	ret
                 
                 ;END OF CODE MARKER
                 __END_OF_CODE:


RESOURCE USE INFORMATION
------------------------

Notice:
The register and instruction counts are symbol table hit counts,
and hence implicitly used resources are not counted, eg, the
'lpm' instruction without operands implicitly uses r0 and z,
none of which are counted.

x,y,z are separate entities in the symbol table and are
counted separately from r26..r31 here.

.dseg memory usage only counts static data declared with .byte

ATmega32 register use summary:
r0 :   4 r1 :   1 r2 :   0 r3 :   0 r4 :   4 r5 :   4 r6 :   0 r7 :   2 
r8 :   0 r9 :   0 r10:   0 r11:   0 r12:   0 r13:   0 r14:   0 r15:   0 
r16:   0 r17:   4 r18:   0 r19:   0 r20:   0 r21:   0 r22:  12 r23:   0 
r24:  29 r25:  10 r26:  46 r27:  10 r28:   7 r29:   1 r30: 106 r31:  11 
x  :   7 y  :  43 z  :   8 
Registers used: 18 out of 35 (51.4%)

ATmega32 instruction use summary:
.lds  :   0 .lds.l:   0 .sts  :   0 .sts.l:   0 adc   :   0 add   :   1 
adiw  :   8 and   :   0 andi  :   4 asr   :   0 bclr  :   0 bld   :   0 
brbc  :   0 brbs  :   0 brcc  :   0 brcs  :   0 break :   0 breq  :   8 
brge  :   0 brhc  :   0 brhs  :   0 brid  :   0 brie  :   0 brlo  :   2 
brlt  :   0 brmi  :   0 brne  :  15 brpl  :   1 brsh  :   0 brtc  :   0 
brts  :   1 brvc  :   0 brvs  :   0 bset  :   0 bst   :   0 call  :  14 
cbi   :   9 cbr   :   0 clc   :   0 clh   :   0 cli   :   1 cln   :   0 
clr   :   5 cls   :   0 clt   :   1 clv   :   0 clz   :   0 com   :   2 
cp    :   2 cpc   :   1 cpi   :   3 cpse  :   0 dec   :   6 des   :   0 
eor   :   0 fmul  :   0 fmuls :   0 fmulsu:   0 icall :   0 ijmp  :   0 
in    :   2 inc   :   3 jmp   :  24 ld    :  20 ldd   :   7 ldi   :  63 
lds   :   0 lpm   :   7 lsl   :   0 lsr   :   0 mov   :   6 movw  :   5 
mul   :   0 muls  :   0 mulsu :   0 neg   :   0 nop   :   0 or    :   0 
ori   :   0 out   :  46 pop   :   0 push  :   0 rcall :  19 ret   :   9 
reti  :   0 rjmp  :  13 rol   :   0 ror   :   0 sbc   :   1 sbci  :   1 
sbi   :  16 sbic  :   0 sbis  :   1 sbiw  :   8 sbr   :   0 sbrc  :   0 
sbrs  :   0 sec   :   0 seh   :   0 sei   :   0 sen   :   0 ser   :   0 
ses   :   0 set   :   1 sev   :   0 sez   :   0 sleep :   0 spm   :   0 
st    :  22 std   :   2 sts   :   2 sub   :   1 subi  :   4 swap  :   1 
tst   :   1 wdr   :   1 
Instructions used: 45 out of 116 (38.8%)

ATmega32 memory use summary [bytes]:
Segment   Begin    End      Code   Data   Used    Size   Use%
---------------------------------------------------------------
[.cseg] 0x000000 0x000362    820     46    866   32768   2.6%
[.dseg] 0x000060 0x000268      0      8      8    2048   0.4%
[.eseg] 0x000000 0x000000      0      0      0    1024   0.0%

Assembly complete, 0 errors, 5 warnings
